<?xml version="1.0" encoding="UTF-8"?>
<testng-results skipped="0" failed="0" ignored="0" total="1" passed="1">
  <reporter-output>
  </reporter-output>
  <suite name="Default suite" duration-ms="27563" started-at="2020-01-06T09:04:23Z" finished-at="2020-01-06T09:04:51Z">
    <groups>
    </groups>
    <test name="Default test" duration-ms="27563" started-at="2020-01-06T09:04:23Z" finished-at="2020-01-06T09:04:51Z">
      <class name="tests.magentoshoppingTest">
        <test-method status="PASS" signature="LaunchBrowser()[pri:0, instance:tests.magentoshoppingTest@523884b2]" name="LaunchBrowser" duration-ms="27499" started-at="2020-01-06T09:04:23Z" finished-at="2020-01-06T09:04:51Z">
          <reporter-output>
          </reporter-output>
        </test-method> <!-- LaunchBrowser -->
      </class> <!-- tests.magentoshoppingTest -->
    </test> <!-- Default test -->
  </suite> <!-- Default suite -->
</testng-results>
